mobileapp/ostream/build/app/intermediates/manifest_merge_blame_file/release/manifest-merger-blame-release-report.txt
1<?xml version="1.0" encoding="utf-8"?>
2<manifest xmlns:android="http://schemas.android.com/apk/res/android"
3    package="com.ad.ostream"
4    android:versionCode="1"
5    android:versionName="1.0.0" >
6
7    <uses-sdk
8        android:minSdkVersion="19"
8-->src/main/AndroidManifest.xml
9        android:targetSdkVersion="34" />
9-->src/main/AndroidManifest.xml
10    <!--
11         Required to query activities that can process text, see:
12         https://developer.android.com/training/package-visibility?hl=en and
13         https://developer.android.com/reference/android/content/Intent#ACTION_PROCESS_TEXT.
14
15         In particular, this is used by the Flutter engine in io.flutter.plugin.text.ProcessTextPlugin.
16    -->
17    <queries>
17-->src/main/AndroidManifest.xml:39:5-44:15
18        <intent>
18-->src/main/AndroidManifest.xml:40:9-43:18
19            <action android:name="android.intent.action.PROCESS_TEXT" />
19-->src/main/AndroidManifest.xml:41:13-72
19-->src/main/AndroidManifest.xml:41:21-70
20
21            <data android:mimeType="text/plain" />
21-->src/main/AndroidManifest.xml:42:13-50
21-->src/main/AndroidManifest.xml:42:19-48
22        </intent>
23        <intent>
23-->[:flutter_inappwebview] AndroidManifest.xml:10:9-12:18
24            <action android:name="android.support.customtabs.action.CustomTabsService" />
24-->[:flutter_inappwebview] AndroidManifest.xml:11:13-90
24-->[:flutter_inappwebview] AndroidManifest.xml:11:21-87
25        </intent>
26        <intent>
26-->[:file_picker] AndroidManifest.xml:12:9-16:18
27            <action android:name="android.intent.action.GET_CONTENT" />
27-->[:file_picker] AndroidManifest.xml:13:13-72
27-->[:file_picker] AndroidManifest.xml:13:21-69
28
29            <data android:mimeType="*/*" />
29-->src/main/AndroidManifest.xml:42:13-50
29-->src/main/AndroidManifest.xml:42:19-48
30        </intent>
31    </queries>
32
33    <uses-permission
33-->src/main/AndroidManifest.xml:45:5-79
34        android:name="android.permission.READ_EXTERNAL_STORAGE"
34-->src/main/AndroidManifest.xml:45:22-77
35        android:maxSdkVersion="32" />
35-->[:open_filex] AndroidManifest.xml:12:9-35
36    <uses-permission android:name="android.permission.WRITE_EXTERNAL_STORAGE" />
36-->src/main/AndroidManifest.xml:46:5-80
36-->src/main/AndroidManifest.xml:46:22-78
37    <uses-permission android:name="android.permission.CAMERA" />
37-->src/main/AndroidManifest.xml:47:5-64
37-->src/main/AndroidManifest.xml:47:22-62
38    <uses-permission android:name="android.permission.READ_MEDIA_IMAGES" />
38-->[:open_filex] AndroidManifest.xml:13:5-76
38-->[:open_filex] AndroidManifest.xml:13:22-73
39    <uses-permission android:name="android.permission.READ_MEDIA_VIDEO" />
39-->[:open_filex] AndroidManifest.xml:14:5-75
39-->[:open_filex] AndroidManifest.xml:14:22-72
40    <uses-permission android:name="android.permission.READ_MEDIA_AUDIO" />
40-->[:open_filex] AndroidManifest.xml:15:5-75
40-->[:open_filex] AndroidManifest.xml:15:22-72
41
42    <permission
42-->[androidx.core:core:1.10.1] AndroidManifest.xml:22:5-24:47
43        android:name="com.ad.ostream.DYNAMIC_RECEIVER_NOT_EXPORTED_PERMISSION"
43-->[androidx.core:core:1.10.1] AndroidManifest.xml:23:9-81
44        android:protectionLevel="signature" />
44-->[androidx.core:core:1.10.1] AndroidManifest.xml:24:9-44
45
46    <uses-permission android:name="com.ad.ostream.DYNAMIC_RECEIVER_NOT_EXPORTED_PERMISSION" />
46-->[androidx.core:core:1.10.1] AndroidManifest.xml:26:5-97
46-->[androidx.core:core:1.10.1] AndroidManifest.xml:26:22-94
47
48    <application
49        android:name="android.app.Application"
49-->src/main/AndroidManifest.xml:5:9-42
50        android:appComponentFactory="androidx.core.app.CoreComponentFactory"
50-->[androidx.core:core:1.10.1] AndroidManifest.xml:28:18-86
51        android:icon="@mipmap/adeo"
51-->src/main/AndroidManifest.xml:6:9-36
52        android:label="ADEO"
52-->src/main/AndroidManifest.xml:4:9-29
53        android:requestLegacyExternalStorage="true" >
53-->src/main/AndroidManifest.xml:3:9-52
54        <activity
54-->src/main/AndroidManifest.xml:7:9-27:20
55            android:name="com.ad.ostream.MainActivity"
55-->src/main/AndroidManifest.xml:8:13-41
56            android:configChanges="orientation|keyboardHidden|keyboard|screenSize|smallestScreenSize|locale|layoutDirection|fontScale|screenLayout|density|uiMode"
56-->src/main/AndroidManifest.xml:12:13-163
57            android:exported="true"
57-->src/main/AndroidManifest.xml:9:13-36
58            android:hardwareAccelerated="true"
58-->src/main/AndroidManifest.xml:13:13-47
59            android:launchMode="singleTop"
59-->src/main/AndroidManifest.xml:10:13-43
60            android:theme="@style/LaunchTheme"
60-->src/main/AndroidManifest.xml:11:13-47
61            android:windowSoftInputMode="adjustResize" >
61-->src/main/AndroidManifest.xml:14:13-55
62
63            <!--
64                 Specifies an Android theme to apply to this Activity as soon as
65                 the Android process has started. This theme is visible to the user
66                 while the Flutter UI initializes. After that, this theme continues
67                 to determine the Window background behind the Flutter UI.
68            -->
69            <meta-data
69-->src/main/AndroidManifest.xml:19:13-22:17
70                android:name="io.flutter.embedding.android.NormalTheme"
70-->src/main/AndroidManifest.xml:20:15-70
71                android:resource="@style/NormalTheme" />
71-->src/main/AndroidManifest.xml:21:15-52
72
73            <intent-filter>
73-->src/main/AndroidManifest.xml:23:13-26:29
74                <action android:name="android.intent.action.MAIN" />
74-->src/main/AndroidManifest.xml:24:17-68
74-->src/main/AndroidManifest.xml:24:25-66
75
76                <category android:name="android.intent.category.LAUNCHER" />
76-->src/main/AndroidManifest.xml:25:17-76
76-->src/main/AndroidManifest.xml:25:27-74
77            </intent-filter>
78        </activity>
79        <!--
80             Don't delete the meta-data below.
81             This is used by the Flutter tool to generate GeneratedPluginRegistrant.java
82        -->
83        <meta-data
83-->src/main/AndroidManifest.xml:30:9-32:33
84            android:name="flutterEmbedding"
84-->src/main/AndroidManifest.xml:31:13-44
85            android:value="2" />
85-->src/main/AndroidManifest.xml:32:13-30
86
87        <provider
87-->[:open_filex] AndroidManifest.xml:18:9-27:20
88            android:name="com.crazecoder.openfile.FileProvider"
88-->[:open_filex] AndroidManifest.xml:19:13-64
89            android:authorities="com.ad.ostream.fileProvider.com.crazecoder.openfile"
89-->[:open_filex] AndroidManifest.xml:20:13-88
90            android:exported="false"
90-->[:open_filex] AndroidManifest.xml:21:13-37
91            android:grantUriPermissions="true" >
91-->[:open_filex] AndroidManifest.xml:22:13-47
92            <meta-data
92-->[:open_filex] AndroidManifest.xml:24:13-26:53
93                android:name="android.support.FILE_PROVIDER_PATHS"
93-->[:open_filex] AndroidManifest.xml:25:17-67
94                android:resource="@xml/filepaths" />
94-->[:open_filex] AndroidManifest.xml:26:17-50
95        </provider>
96
97        <activity
97-->[:flutter_inappwebview] AndroidManifest.xml:16:9-20:47
98            android:name="com.pichillilorenzo.flutter_inappwebview.in_app_browser.InAppBrowserActivity"
98-->[:flutter_inappwebview] AndroidManifest.xml:17:13-104
99            android:configChanges="orientation|keyboardHidden|keyboard|screenSize|locale|layoutDirection|fontScale|screenLayout|density"
99-->[:flutter_inappwebview] AndroidManifest.xml:18:13-137
100            android:exported="false"
100-->[:flutter_inappwebview] AndroidManifest.xml:19:13-37
101            android:theme="@style/AppTheme" />
101-->[:flutter_inappwebview] AndroidManifest.xml:20:13-44
102        <activity
102-->[:flutter_inappwebview] AndroidManifest.xml:21:9-24:55
103            android:name="com.pichillilorenzo.flutter_inappwebview.chrome_custom_tabs.ChromeCustomTabsActivity"
103-->[:flutter_inappwebview] AndroidManifest.xml:22:13-112
104            android:exported="false"
104-->[:flutter_inappwebview] AndroidManifest.xml:23:13-37
105            android:theme="@style/ThemeTransparent" />
105-->[:flutter_inappwebview] AndroidManifest.xml:24:13-52
106        <activity
106-->[:flutter_inappwebview] AndroidManifest.xml:25:9-28:55
107            android:name="com.pichillilorenzo.flutter_inappwebview.chrome_custom_tabs.TrustedWebActivity"
107-->[:flutter_inappwebview] AndroidManifest.xml:26:13-106
108            android:exported="false"
108-->[:flutter_inappwebview] AndroidManifest.xml:27:13-37
109            android:theme="@style/ThemeTransparent" />
109-->[:flutter_inappwebview] AndroidManifest.xml:28:13-52
110        <activity
110-->[:flutter_inappwebview] AndroidManifest.xml:29:9-33:55
111            android:name="com.pichillilorenzo.flutter_inappwebview.chrome_custom_tabs.ChromeCustomTabsActivitySingleInstance"
111-->[:flutter_inappwebview] AndroidManifest.xml:30:13-126
112            android:exported="false"
112-->[:flutter_inappwebview] AndroidManifest.xml:31:13-37
113            android:launchMode="singleInstance"
113-->[:flutter_inappwebview] AndroidManifest.xml:32:13-48
114            android:theme="@style/ThemeTransparent" />
114-->[:flutter_inappwebview] AndroidManifest.xml:33:13-52
115        <activity
115-->[:flutter_inappwebview] AndroidManifest.xml:34:9-38:55
116            android:name="com.pichillilorenzo.flutter_inappwebview.chrome_custom_tabs.TrustedWebActivitySingleInstance"
116-->[:flutter_inappwebview] AndroidManifest.xml:35:13-120
117            android:exported="false"
117-->[:flutter_inappwebview] AndroidManifest.xml:36:13-37
118            android:launchMode="singleInstance"
118-->[:flutter_inappwebview] AndroidManifest.xml:37:13-48
119            android:theme="@style/ThemeTransparent" />
119-->[:flutter_inappwebview] AndroidManifest.xml:38:13-52
120
121        <receiver
121-->[:flutter_inappwebview] AndroidManifest.xml:40:9-43:40
122            android:name="com.pichillilorenzo.flutter_inappwebview.chrome_custom_tabs.ActionBroadcastReceiver"
122-->[:flutter_inappwebview] AndroidManifest.xml:41:13-111
123            android:enabled="true"
123-->[:flutter_inappwebview] AndroidManifest.xml:42:13-35
124            android:exported="false" />
124-->[:flutter_inappwebview] AndroidManifest.xml:43:13-37
125
126        <meta-data
126-->[:flutter_inappwebview] AndroidManifest.xml:45:9-47:36
127            android:name="io.flutter.embedded_views_preview"
127-->[:flutter_inappwebview] AndroidManifest.xml:46:13-61
128            android:value="true" />
128-->[:flutter_inappwebview] AndroidManifest.xml:47:13-33
129
130        <provider
130-->[:image_picker_android] AndroidManifest.xml:11:9-19:20
131            android:name="io.flutter.plugins.imagepicker.ImagePickerFileProvider"
131-->[:image_picker_android] AndroidManifest.xml:12:13-82
132            android:authorities="com.ad.ostream.flutter.image_provider"
132-->[:image_picker_android] AndroidManifest.xml:13:13-74
133            android:exported="false"
133-->[:image_picker_android] AndroidManifest.xml:14:13-37
134            android:grantUriPermissions="true" >
134-->[:image_picker_android] AndroidManifest.xml:15:13-47
135            <meta-data
135-->[:open_filex] AndroidManifest.xml:24:13-26:53
136                android:name="android.support.FILE_PROVIDER_PATHS"
136-->[:open_filex] AndroidManifest.xml:25:17-67
137                android:resource="@xml/flutter_image_picker_file_paths" />
137-->[:open_filex] AndroidManifest.xml:26:17-50
138        </provider> <!-- Trigger Google Play services to install the backported photo picker module. -->
139        <service
139-->[:image_picker_android] AndroidManifest.xml:21:9-33:19
140            android:name="com.google.android.gms.metadata.ModuleDependencies"
140-->[:image_picker_android] AndroidManifest.xml:22:13-78
141            android:enabled="false"
141-->[:image_picker_android] AndroidManifest.xml:23:13-36
142            android:exported="false" >
142-->[:image_picker_android] AndroidManifest.xml:24:13-37
143            <intent-filter>
143-->[:image_picker_android] AndroidManifest.xml:26:13-28:29
144                <action android:name="com.google.android.gms.metadata.MODULE_DEPENDENCIES" />
144-->[:image_picker_android] AndroidManifest.xml:27:17-94
144-->[:image_picker_android] AndroidManifest.xml:27:25-91
145            </intent-filter>
146
147            <meta-data
147-->[:image_picker_android] AndroidManifest.xml:30:13-32:36
148                android:name="photopicker_activity:0:required"
148-->[:image_picker_android] AndroidManifest.xml:31:17-63
149                android:value="" />
149-->[:image_picker_android] AndroidManifest.xml:32:17-33
150        </service>
151
152        <activity
152-->[:url_launcher_android] AndroidManifest.xml:10:9-13:74
153            android:name="io.flutter.plugins.urllauncher.WebViewActivity"
153-->[:url_launcher_android] AndroidManifest.xml:11:13-74
154            android:exported="false"
154-->[:url_launcher_android] AndroidManifest.xml:12:13-37
155            android:theme="@android:style/Theme.NoTitleBar.Fullscreen" />
155-->[:url_launcher_android] AndroidManifest.xml:13:13-71
156
157        <provider
157-->[androidx.emoji2:emoji2:1.2.0] AndroidManifest.xml:24:9-32:20
158            android:name="androidx.startup.InitializationProvider"
158-->[androidx.emoji2:emoji2:1.2.0] AndroidManifest.xml:25:13-67
159            android:authorities="com.ad.ostream.androidx-startup"
159-->[androidx.emoji2:emoji2:1.2.0] AndroidManifest.xml:26:13-68
160            android:exported="false" >
160-->[androidx.emoji2:emoji2:1.2.0] AndroidManifest.xml:27:13-37
161            <meta-data
161-->[androidx.emoji2:emoji2:1.2.0] AndroidManifest.xml:29:13-31:52
162                android:name="androidx.emoji2.text.EmojiCompatInitializer"
162-->[androidx.emoji2:emoji2:1.2.0] AndroidManifest.xml:30:17-75
163                android:value="androidx.startup" />
163-->[androidx.emoji2:emoji2:1.2.0] AndroidManifest.xml:31:17-49
164            <meta-data
164-->[androidx.lifecycle:lifecycle-process:2.6.1] AndroidManifest.xml:29:13-31:52
165                android:name="androidx.lifecycle.ProcessLifecycleInitializer"
165-->[androidx.lifecycle:lifecycle-process:2.6.1] AndroidManifest.xml:30:17-78
166                android:value="androidx.startup" />
166-->[androidx.lifecycle:lifecycle-process:2.6.1] AndroidManifest.xml:31:17-49
167            <meta-data
167-->[androidx.profileinstaller:profileinstaller:1.3.0] AndroidManifest.xml:29:13-31:52
168                android:name="androidx.profileinstaller.ProfileInstallerInitializer"
168-->[androidx.profileinstaller:profileinstaller:1.3.0] AndroidManifest.xml:30:17-85
169                android:value="androidx.startup" />
169-->[androidx.profileinstaller:profileinstaller:1.3.0] AndroidManifest.xml:31:17-49
170        </provider>
171
172        <uses-library
172-->[androidx.window:window:1.0.0-beta04] AndroidManifest.xml:25:9-27:40
173            android:name="androidx.window.extensions"
173-->[androidx.window:window:1.0.0-beta04] AndroidManifest.xml:26:13-54
174            android:required="false" />
174-->[androidx.window:window:1.0.0-beta04] AndroidManifest.xml:27:13-37
175        <uses-library
175-->[androidx.window:window:1.0.0-beta04] AndroidManifest.xml:28:9-30:40
176            android:name="androidx.window.sidecar"
176-->[androidx.window:window:1.0.0-beta04] AndroidManifest.xml:29:13-51
177            android:required="false" />
177-->[androidx.window:window:1.0.0-beta04] AndroidManifest.xml:30:13-37
178
179        <receiver
179-->[androidx.profileinstaller:profileinstaller:1.3.0] AndroidManifest.xml:34:9-52:20
180            android:name="androidx.profileinstaller.ProfileInstallReceiver"
180-->[androidx.profileinstaller:profileinstaller:1.3.0] AndroidManifest.xml:35:13-76
181            android:directBootAware="false"
181-->[androidx.profileinstaller:profileinstaller:1.3.0] AndroidManifest.xml:36:13-44
182            android:enabled="true"
182-->[androidx.profileinstaller:profileinstaller:1.3.0] AndroidManifest.xml:37:13-35
183            android:exported="true"
183-->[androidx.profileinstaller:profileinstaller:1.3.0] AndroidManifest.xml:38:13-36
184            android:permission="android.permission.DUMP" >
184-->[androidx.profileinstaller:profileinstaller:1.3.0] AndroidManifest.xml:39:13-57
185            <intent-filter>
185-->[androidx.profileinstaller:profileinstaller:1.3.0] AndroidManifest.xml:40:13-42:29
186                <action android:name="androidx.profileinstaller.action.INSTALL_PROFILE" />
186-->[androidx.profileinstaller:profileinstaller:1.3.0] AndroidManifest.xml:41:17-91
186-->[androidx.profileinstaller:profileinstaller:1.3.0] AndroidManifest.xml:41:25-88
187            </intent-filter>
188            <intent-filter>
188-->[androidx.profileinstaller:profileinstaller:1.3.0] AndroidManifest.xml:43:13-45:29
189                <action android:name="androidx.profileinstaller.action.SKIP_FILE" />
189-->[androidx.profileinstaller:profileinstaller:1.3.0] AndroidManifest.xml:44:17-85
189-->[androidx.profileinstaller:profileinstaller:1.3.0] AndroidManifest.xml:44:25-82
190            </intent-filter>
191            <intent-filter>
191-->[androidx.profileinstaller:profileinstaller:1.3.0] AndroidManifest.xml:46:13-48:29
192                <action android:name="androidx.profileinstaller.action.SAVE_PROFILE" />
192-->[androidx.profileinstaller:profileinstaller:1.3.0] AndroidManifest.xml:47:17-88
192-->[androidx.profileinstaller:profileinstaller:1.3.0] AndroidManifest.xml:47:25-85
193            </intent-filter>
194            <intent-filter>
194-->[androidx.profileinstaller:profileinstaller:1.3.0] AndroidManifest.xml:49:13-51:29
195                <action android:name="androidx.profileinstaller.action.BENCHMARK_OPERATION" />
195-->[androidx.profileinstaller:profileinstaller:1.3.0] AndroidManifest.xml:50:17-95
195-->[androidx.profileinstaller:profileinstaller:1.3.0] AndroidManifest.xml:50:25-92
196            </intent-filter>
197        </receiver>
198    </application>
199
200</manifest>